<?xml version="1.0" encoding="UTF-8"?>
<testsuite xmlns:xsi="http://www.w3.org/2001/XMLSchema-instance" xsi:noNamespaceSchemaLocation="https://maven.apache.org/surefire/maven-surefire-plugin/xsd/surefire-test-report-3.0.xsd" version="3.0" name="com.tech.society.ResidentServiceApplicationTests" time="1.718" tests="1" errors="0" skipped="0" failures="0">
  <properties>
[...]
</properties>
  <testcase name="contextLoads" classname="com.tech.society.ResidentServiceApplicationTests" time="0.365">
    <system-out><![CDATA[18:11:46.193 [main] INFO org.springframework.test.context.support.AnnotationConfigContextLoaderUtils -- Could not detect default configuration classes for test class [com.tech.society.ResidentServiceApplicationTests]: ResidentServiceApplicationTests does not declare any static, non-private, non-final, nested classes annotated with @Configuration.
18:11:46.235 [main] INFO org.springframework.boot.test.context.SpringBootTestContextBootstrapper -- Found @SpringBootConfiguration com.tech.society.ResidentServiceApplication for test class com.tech.society.ResidentServiceApplicationTests
18:11:46.287 [main] INFO org.springframework.boot.devtools.restart.RestartApplicationListener -- Restart disabled due to context in which it is running

  .   ____          _            __ _ _
 /\\ / ___'_ __ _ _(_)_ __  __ _ \ \ \ \
( ( )\___ | '_ | '_| | '_ \/ _` | \ \ \ \
 \\/  ___)| |_)| | | | | || (_| |  ) ) ) )
  '  |____| .__|_| |_|_| |_\__, | / / / /
 =========|_|==============|___/=/_/_/_/

 :: Spring Boot ::               (v3.3.10)

2025-04-09 18:11:46.403 [main] INFO  c.t.s.ResidentServiceApplicationTests - Starting ResidentServiceApplicationTests using Java 17.0.9 with PID 5606 (started by shivadharmala in /Users/shivadharmala/Documents/GIT Project/Society_Project/resident-service)
2025-04-09 18:11:46.403 [main] INFO  c.t.s.ResidentServiceApplicationTests - No active profile set, falling back to 1 default profile: "default"
2025-04-09 18:11:46.767 [main] INFO  o.s.d.r.c.RepositoryConfigurationDelegate - Bootstrapping Spring Data MongoDB repositories in DEFAULT mode.
2025-04-09 18:11:46.784 [main] INFO  o.s.d.r.c.RepositoryConfigurationDelegate - Finished Spring Data repository scanning in 16 ms. Found 1 MongoDB repository interface.
2025-04-09 18:11:46.832 [main] INFO  o.s.cloud.context.scope.GenericScope - BeanFactory id=4e865b49-0eb7-3aa9-8f64-277c8099023f
2025-04-09 18:11:46.994 [cluster-ClusterId{value='67f66b0a5545c97ea0e72d19', description='Dharmala'}-srv-dharmala.igq1a.mongodb.net] INFO  org.mongodb.driver.cluster - Adding discovered server dharmala-shard-00-00.igq1a.mongodb.net:27017 to client view of cluster
2025-04-09 18:11:47.002 [main] INFO  org.mongodb.driver.client - MongoClient with metadata {"application": {"name": "Dharmala"}, "driver": {"name": "mongo-java-driver|sync|spring-boot", "version": "5.0.1"}, "os": {"type": "Darwin", "name": "Mac OS X", "architecture": "aarch64", "version": "14.6.1"}, "platform": "Java/Oracle Corporation/17.0.9+11-LTS-201"} created with settings MongoClientSettings{readPreference=primary, writeConcern=WriteConcern{w=majority, wTimeout=null ms, journal=null}, retryWrites=true, retryReads=true, readConcern=ReadConcern{level=null}, credential=MongoCredential{mechanism=null, userName='user', source='admin', password=<hidden>, mechanismProperties=<hidden>}, transportSettings=null, commandListeners=[io.micrometer.core.instrument.binder.mongodb.MongoMetricsCommandListener@6d4a82], codecRegistry=ProvidersCodecRegistry{codecProviders=[ValueCodecProvider{}, BsonValueCodecProvider{}, DBRefCodecProvider{}, DBObjectCodecProvider{}, DocumentCodecProvider{}, CollectionCodecProvider{}, IterableCodecProvider{}, MapCodecProvider{}, GeoJsonCodecProvider{}, GridFSFileCodecProvider{}, Jsr310CodecProvider{}, JsonObjectCodecProvider{}, BsonCodecProvider{}, EnumCodecProvider{}, com.mongodb.client.model.mql.ExpressionCodecProvider@14f060b8, com.mongodb.Jep395RecordCodecProvider@7a0ab480, com.mongodb.KotlinCodecProvider@79df80a4]}, loggerSettings=LoggerSettings{maxDocumentLength=1000}, clusterSettings={hosts=[127.0.0.1:27017], srvHost=dharmala.igq1a.mongodb.net, srvServiceName=mongodb, mode=MULTIPLE, requiredClusterType=REPLICA_SET, requiredReplicaSetName='atlas-81rnqj-shard-0', serverSelector='null', clusterListeners='[]', serverSelectionTimeout='30000 ms', localThreshold='15 ms'}, socketSettings=SocketSettings{connectTimeoutMS=10000, readTimeoutMS=0, receiveBufferSize=0, proxySettings=ProxySettings{host=null, port=null, username=null, password=null}}, heartbeatSocketSettings=SocketSettings{connectTimeoutMS=10000, readTimeoutMS=10000, receiveBufferSize=0, proxySettings=ProxySettings{host=null, port=null, username=null, password=null}}, connectionPoolSettings=ConnectionPoolSettings{maxSize=100, minSize=0, maxWaitTimeMS=120000, maxConnectionLifeTimeMS=0, maxConnectionIdleTimeMS=0, maintenanceInitialDelayMS=0, maintenanceFrequencyMS=60000, connectionPoolListeners=[io.micrometer.core.instrument.binder.mongodb.MongoMetricsConnectionPoolListener@130cfc47], maxConnecting=2}, serverSettings=ServerSettings{heartbeatFrequencyMS=10000, minHeartbeatFrequencyMS=500, serverListeners='[]', serverMonitorListeners='[]'}, sslSettings=SslSettings{enabled=true, invalidHostNameAllowed=false, context=null}, applicationName='Dharmala', compressorList=[], uuidRepresentation=JAVA_LEGACY, serverApi=null, autoEncryptionSettings=null, dnsClient=null, inetAddressResolver=null, contextProvider=null}
2025-04-09 18:11:47.007 [cluster-ClusterId{value='67f66b0a5545c97ea0e72d19', description='Dharmala'}-srv-dharmala.igq1a.mongodb.net] INFO  org.mongodb.driver.cluster - Adding discovered server dharmala-shard-00-01.igq1a.mongodb.net:27017 to client view of cluster
2025-04-09 18:11:47.008 [cluster-ClusterId{value='67f66b0a5545c97ea0e72d19', description='Dharmala'}-srv-dharmala.igq1a.mongodb.net] INFO  org.mongodb.driver.cluster - Adding discovered server dharmala-shard-00-02.igq1a.mongodb.net:27017 to client view of cluster
2025-04-09 18:11:47.296 [cluster-ClusterId{value='67f66b0a5545c97ea0e72d19', description='Dharmala'}-dharmala-shard-00-01.igq1a.mongodb.net:27017] INFO  org.mongodb.driver.cluster - Monitor thread successfully connected to server with description ServerDescription{address=dharmala-shard-00-01.igq1a.mongodb.net:27017, type=REPLICA_SET_SECONDARY, state=CONNECTED, ok=true, minWireVersion=0, maxWireVersion=25, maxDocumentSize=16777216, logicalSessionTimeoutMinutes=30, roundTripTimeNanos=157526208, setName='atlas-81rnqj-shard-0', canonicalAddress=dharmala-shard-00-01.igq1a.mongodb.net:27017, hosts=[dharmala-shard-00-00.igq1a.mongodb.net:27017, dharmala-shard-00-01.igq1a.mongodb.net:27017, dharmala-shard-00-02.igq1a.mongodb.net:27017], passives=[], arbiters=[], primary='dharmala-shard-00-02.igq1a.mongodb.net:27017', tagSet=TagSet{[Tag{name='availabilityZone', value='aps1-az3'}, Tag{name='diskState', value='READY'}, Tag{name='nodeType', value='ELECTABLE'}, Tag{name='provider', value='AWS'}, Tag{name='region', value='AP_SOUTH_1'}, Tag{name='workloadType', value='OPERATIONAL'}]}, electionId=null, setVersion=267, topologyVersion=TopologyVersion{processId=67f552c564aa1661f10fe406, counter=3}, lastWriteDate=Wed Apr 09 18:11:47 IST 2025, lastUpdateTimeNanos=25886026286125}
2025-04-09 18:11:47.296 [cluster-ClusterId{value='67f66b0a5545c97ea0e72d19', description='Dharmala'}-dharmala-shard-00-02.igq1a.mongodb.net:27017] INFO  org.mongodb.driver.cluster - Monitor thread successfully connected to server with description ServerDescription{address=dharmala-shard-00-02.igq1a.mongodb.net:27017, type=REPLICA_SET_PRIMARY, state=CONNECTED, ok=true, minWireVersion=0, maxWireVersion=25, maxDocumentSize=16777216, logicalSessionTimeoutMinutes=30, roundTripTimeNanos=156396083, setName='atlas-81rnqj-shard-0', canonicalAddress=dharmala-shard-00-02.igq1a.mongodb.net:27017, hosts=[dharmala-shard-00-00.igq1a.mongodb.net:27017, dharmala-shard-00-01.igq1a.mongodb.net:27017, dharmala-shard-00-02.igq1a.mongodb.net:27017], passives=[], arbiters=[], primary='dharmala-shard-00-02.igq1a.mongodb.net:27017', tagSet=TagSet{[Tag{name='availabilityZone', value='aps1-az2'}, Tag{name='diskState', value='READY'}, Tag{name='nodeType', value='ELECTABLE'}, Tag{name='provider', value='AWS'}, Tag{name='region', value='AP_SOUTH_1'}, Tag{name='workloadType', value='OPERATIONAL'}]}, electionId=7fffffff000000000000012a, setVersion=267, topologyVersion=TopologyVersion{processId=67f54f97ad39651c6a069e4e, counter=6}, lastWriteDate=Wed Apr 09 18:11:47 GMT+05:30 2025, lastUpdateTimeNanos=25886026284458}
2025-04-09 18:11:47.297 [cluster-ClusterId{value='67f66b0a5545c97ea0e72d19', description='Dharmala'}-dharmala-shard-00-02.igq1a.mongodb.net:27017] INFO  org.mongodb.driver.cluster - Discovered replica set primary dharmala-shard-00-02.igq1a.mongodb.net:27017 with max election id 7fffffff000000000000012a and max set version 267
2025-04-09 18:11:47.300 [cluster-ClusterId{value='67f66b0a5545c97ea0e72d19', description='Dharmala'}-dharmala-shard-00-00.igq1a.mongodb.net:27017] INFO  org.mongodb.driver.cluster - Monitor thread successfully connected to server with description ServerDescription{address=dharmala-shard-00-00.igq1a.mongodb.net:27017, type=REPLICA_SET_SECONDARY, state=CONNECTED, ok=true, minWireVersion=0, maxWireVersion=25, maxDocumentSize=16777216, logicalSessionTimeoutMinutes=30, roundTripTimeNanos=154843000, setName='atlas-81rnqj-shard-0', canonicalAddress=dharmala-shard-00-00.igq1a.mongodb.net:27017, hosts=[dharmala-shard-00-00.igq1a.mongodb.net:27017, dharmala-shard-00-01.igq1a.mongodb.net:27017, dharmala-shard-00-02.igq1a.mongodb.net:27017], passives=[], arbiters=[], primary='dharmala-shard-00-02.igq1a.mongodb.net:27017', tagSet=TagSet{[Tag{name='availabilityZone', value='aps1-az1'}, Tag{name='diskState', value='READY'}, Tag{name='nodeType', value='ELECTABLE'}, Tag{name='provider', value='AWS'}, Tag{name='region', value='AP_SOUTH_1'}, Tag{name='workloadType', value='OPERATIONAL'}]}, electionId=null, setVersion=267, topologyVersion=TopologyVersion{processId=67f54c6ba22193623a4ae9e8, counter=4}, lastWriteDate=Wed Apr 09 18:11:47 GMT+05:30 2025, lastUpdateTimeNanos=25886031182583}
2025-04-09 18:11:47.454 [main] INFO  o.s.b.a.e.web.EndpointLinksResolver - Exposing 17 endpoints beneath base path '/actuator'
2025-04-09 18:11:47.484 [main] INFO  c.t.s.ResidentServiceApplicationTests - Started ResidentServiceApplicationTests in 1.202 seconds (process running for 1.577)
]]></system-out>
    <system-err><![CDATA[Apr 09, 2025 6:11:46 PM org.junit.platform.launcher.core.LauncherConfigurationParameters loadClasspathResource
WARNING: Discovered 2 'junit-platform.properties' configuration files in the classpath; only the first will be used.
Apr 09, 2025 6:11:46 PM org.junit.platform.launcher.core.LauncherConfigurationParameters loadClasspathResource
WARNING: Discovered 2 'junit-platform.properties' configuration files in the classpath; only the first will be used.
Apr 09, 2025 6:11:46 PM org.junit.platform.launcher.core.LauncherConfigurationParameters loadClasspathResource
WARNING: Discovered 2 'junit-platform.properties' configuration files in the classpath; only the first will be used.
]]></system-err>
  </testcase>
</testsuite>